[  2866.586] 
X.Org X Server 1.20.5
X Protocol Version 11, Revision 0
[  2866.618] Build Operating System: OpenBSD 6.6 amd64 
[  2866.634] Current Operating System: OpenBSD styx 6.6 GENERIC.MP#7 amd64
[  2866.641] Build Date: 12 October 2019  11:22:22AM
[  2866.647]  
[  2866.654] Current version of pixman: 0.38.4
[  2866.660] 	Before reporting problems, check http://wiki.x.org
	to make sure that you have the latest version.
[  2866.660] Markers: (--) probed, (**) from config file, (==) default setting,
	(++) from command line, (!!) notice, (II) informational,
	(WW) warning, (EE) error, (NI) not implemented, (??) unknown.
[  2866.687] (==) Log file: "/home/jsr/.local/share/xorg/Xorg.1.log", Time: Fri Apr 17 23:58:44 2020
[  2866.694] (==) Using config directory: "/etc/X11/xorg.conf.d"
[  2866.700] (==) Using system config directory "/usr/X11R6/share/X11/xorg.conf.d"
[  2866.701] (==) No Layout section.  Using the first Screen section.
[  2866.701] (==) No screen section available. Using defaults.
[  2866.701] (**) |-->Screen "Default Screen Section" (0)
[  2866.701] (**) |   |-->Monitor "<default monitor>"
[  2866.702] (==) No device specified for screen "Default Screen Section".
	Using the first device section listed.
[  2866.702] (**) |   |-->Device "drm"
[  2866.702] (==) No monitor specified for screen "Default Screen Section".
	Using a default monitor configuration.
[  2866.702] (==) Automatically adding devices
[  2866.702] (==) Automatically enabling devices
[  2866.702] (==) Not automatically adding GPU devices
[  2866.702] (==) Max clients allowed: 256, resource mask: 0x1fffff
[  2866.702] (**) FontPath set to:
	/home/jsr/.config/fonts/ttf/,
	/usr/X11R6/lib/X11/fonts/misc/,
	/usr/X11R6/lib/X11/fonts/TTF/,
	/usr/X11R6/lib/X11/fonts/OTF/,
	/usr/X11R6/lib/X11/fonts/Type1/,
	/usr/X11R6/lib/X11/fonts/100dpi/,
	/usr/X11R6/lib/X11/fonts/75dpi/
[  2866.702] (==) ModulePath set to "/usr/X11R6/lib/modules"
[  2866.702] (II) The server relies on wscons to provide the list of input devices.
	If no devices become available, reconfigure wscons or disable AutoAddDevices.
[  2866.702] (II) Loader magic: 0xc4fec2ef000
[  2866.702] (II) Module ABI versions:
[  2866.702] 	X.Org ANSI C Emulation: 0.4
[  2866.702] 	X.Org Video Driver: 24.0
[  2866.702] 	X.Org XInput driver : 24.1
[  2866.702] 	X.Org Server Extension : 10.0
[  2866.702] (EE) 
Fatal server error:
[  2866.709] (EE) xf86OpenConsole: No console driver found
	Supported drivers: wscons
	Check your kernel's console driver configuration and /dev entries(EE) 
[  2866.722] (EE) 
Please consult the The X.Org Foundation support 
	 at http://wiki.x.org
 for help. 
[  2866.728] (EE) Please also check the log file at "/home/jsr/.local/share/xorg/Xorg.1.log" for additional information.
[  2866.735] (EE) 
[  2866.741] (EE) Server terminated with error (1). Closing log file.
